<?xml version="1.0" encoding="UTF-8"?>
<beans xmlns="http://www.springframework.org/schema/beans"
       xmlns:xsi="http://www.w3.org/2001/XMLSchema-instance"
       xmlns:context="http://www.springframework.org/schema/context"
       xmlns:tx="http://www.springframework.org/schema/tx"
       xmlns:aop="http://www.springframework.org/schema/aop"
       xsi:schemaLocation="http://www.springframework.org/schema/beans
                           http://www.springframework.org/schema/beans/spring-beans.xsd
                           http://www.springframework.org/schema/mvc
                           http://www.springframework.org/schema/mvc/spring-mvc.xsd
                           http://www.springframework.org/schema/tx 
                           http://www.springframework.org/schema/tx/spring-tx-3.0.xsd
                           http://www.springframework.org/schema/context
                           http://www.springframework.org/schema/context/spring-context.xsd
       http://www.springframework.org/schema/aop http://www.springframework.org/schema/aop/spring-aop-3.2.xsd"> 

     
    <tx:annotation-driven/>

    <context:component-scan base-package="com.sg.superherosightingsspringmvc.dao" />
    <bean id="dataSource"
          class="org.apache.commons.dbcp2.BasicDataSource">
        <property name="driverClassName" value="com.mysql.jdbc.Driver"/>
        <property name="url"
                  value="jdbc:mysql://localhost:3306/SuperSightings-test"/>
        <property name="username" value="root"/>
        <property name="password" value="root"/>
        <property name="initialSize" value="5"/>
        <property name="maxTotal" value="10"/>
    </bean>

    <bean id="transactionManager"
          class="org.springframework.jdbc.datasource.DataSourceTransactionManager">
        <property name="dataSource" ref="dataSource"/>
    </bean>

    <bean id="jdbcTemplate"
          class="org.springframework.jdbc.core.JdbcTemplate">
        <property name="dataSource" ref="dataSource"/>
    </bean>

    
    
    
    
    
    <bean id="addressDao" class="com.sg.superherosightingsspringmvc.dao.AddressDaoDbImpl">
        <property name="jdbcTemplate" ref="jdbcTemplate" />  
    </bean>
    
    <bean id="locationDao" class="com.sg.superherosightingsspringmvc.dao.LocationDaoDbImpl">
        <property name="jdbcTemplate" ref="jdbcTemplate" />  
    </bean>
    
    <bean id="organizationDao" class="com.sg.superherosightingsspringmvc.dao.OrganizationDaoDbImpl">
        <property name="jdbcTemplate" ref="jdbcTemplate" />  
    </bean>
    
    <bean id="powerDao" class="com.sg.superherosightingsspringmvc.dao.PowerDaoDbImpl">
        <property name="jdbcTemplate" ref="jdbcTemplate" />  
    </bean>
    
    <bean id="sightingDao" class="com.sg.superherosightingsspringmvc.dao.SightingDaoDbImpl">
        <property name="jdbcTemplate" ref="jdbcTemplate" />  
    </bean>
    
    <bean id="superPersonDao" class="com.sg.superherosightingsspringmvc.dao.SuperPersonDaoDbImpl">
        <property name="jdbcTemplate" ref="jdbcTemplate" />  
    </bean>
    
    <bean id="superPersonOrganizationDao" class="com.sg.superherosightingsspringmvc.dao.SuperPersonOrganizationDaoDbImpl">
        <property name="jdbcTemplate" ref="jdbcTemplate" />  
    </bean>
    
    <bean id="superPersonPowerDao" class="com.sg.superherosightingsspringmvc.dao.SuperPersonPowerDaoDbImpl">
        <property name="jdbcTemplate" ref="jdbcTemplate" />  
    </bean>
    
    <bean id="superPersonSightingDao" class="com.sg.superherosightingsspringmvc.dao.SuperPersonSightingDaoDbImpl">
        <property name="jdbcTemplate" ref="jdbcTemplate" />  
    </bean>
    
      
    
    <bean id="superPersonService" class="com.sg.superherosightingsspringmvc.service.SuperPersonServiceImpl">
        <constructor-arg ref="superPersonDao"/>
        <constructor-arg ref="organizationDao"/>
        <constructor-arg ref="powerDao"/>
        <constructor-arg ref="sightingDao"/>
        <constructor-arg ref="superPersonOrganizationDao"/>
        <constructor-arg ref="superPersonPowerDao"/>    
        <constructor-arg ref="superPersonSightingDao"/>
    </bean>
    
    <bean id="addressService" class="com.sg.superherosightingsspringmvc.service.AddressServiceImpl">
        <constructor-arg ref="addressDao"/>    
    </bean>
    
    <bean id="locationService" class="com.sg.superherosightingsspringmvc.service.LocationServiceImpl">
        <constructor-arg ref="locationDao"/>
        <constructor-arg ref="addressService"/>
        <constructor-arg ref="superPersonService"/>
            
    </bean>
    
    
    <bean id="organizationService" class="com.sg.superherosightingsspringmvc.service.OrganizationServiceImpl">

        <constructor-arg ref="organizationDao"/>    
        <constructor-arg ref="superPersonService"/>
        <constructor-arg ref="locationService"/>
        <constructor-arg ref="addressService"/>
    </bean>
    
    <bean id="powerService" class="com.sg.superherosightingsspringmvc.service.PowerServiceImpl">
        <constructor-arg ref="powerDao"/>
        <constructor-arg ref="superPersonService"/>    
    </bean>
    
    <bean id="sightingService" class="com.sg.superherosightingsspringmvc.service.SightingServiceImpl">
        <constructor-arg ref="sightingDao"/>    
        <constructor-arg ref="superPersonService"/>
        <constructor-arg ref="locationService"/>
    </bean>
    
     
    
</beans>

<!-- FROM JAMES -->

<!--<?xml version="1.0" encoding="UTF-8"?>
<beans xmlns="http://www.springframework.org/schema/beans"
       xmlns:xsi="http://www.w3.org/2001/XMLSchema-instance"
       xmlns:context="http://www.springframework.org/schema/context"
       xmlns:tx="http://www.springframework.org/schema/tx"
       xmlns:aop="http://www.springframework.org/schema/aop"
       xsi:schemaLocation="http://www.springframework.org/schema/beans
                           http://www.springframework.org/schema/beans/spring-beans.xsd
                           http://www.springframework.org/schema/mvc
                           http://www.springframework.org/schema/mvc/spring-mvc.xsd
                           http://www.springframework.org/schema/tx 
                           http://www.springframework.org/schema/tx/spring-tx-3.0.xsd
                           http://www.springframework.org/schema/context
                           http://www.springframework.org/schema/context/spring-context.xsd
                           http://www.springframework.org/schema/aop
                           http://www.springframework.org/schema/aop/spring-aop-3.2.xsd">
      
     Bean definitions go here 
    <tx:annotation-driven/>
    
    <context:component-scan base-package="com.sg.superherosightings.dao" />
    <bean id="dataSource" class="org.apache.commons.dbcp2.BasicDataSource">
        <property name="driverClassName" value="com.mysql.jdbc.Driver"/>
        <property name="url"
                  value="jdbc:mysql://localhost:3306/supersightings"/>
        <property name="username" value="root"/>
        <property name="password" value="root"/>
        <property name="initialSize" value="5"/>
        <property name="maxTotal" value="10"/>
    </bean>
    
    <bean id="transactionManager"
          class="org.springframework.jdbc.datasource.DataSourceTransactionManager">
        <property name="dataSource" ref="dataSource"/>
    </bean>
    
    <bean id="jdbcTemplate"
          class="org.springframework.jdbc.core.JdbcTemplate">
        <property name="dataSource" ref="dataSource"/>
    </bean>
    
    <bean id="addressDao" 
          class="com.sg.superherosightings.dao.AddressDaoDbImpl">
        <property name="jdbcTemplate" ref="jdbcTemplate"/>
    </bean>
    
    <bean id="locationDao" 
          class="com.sg.superherosightings.dao.LocationDaoDbImpl">
        <property name="jdbcTemplate" ref="jdbcTemplate"/>
    </bean>  
     
    <bean id="organizationDao" 
          class="com.sg.superherosightings.dao.OrganizationDaoDbImpl">
        <property name="jdbcTemplate" ref="jdbcTemplate"/>
    </bean> 
      
    <bean id="powerDao" 
          class="com.sg.superherosightings.dao.PowerDaoDbImpl">
        <property name="jdbcTemplate" ref="jdbcTemplate"/>
    </bean>   
    
    <bean id="sightingDao" 
          class="com.sg.superherosightings.dao.SightingDaoDbImpl">
        <property name="jdbcTemplate" ref="jdbcTemplate"/>
    </bean>   
    
    <bean id="superPersonDao" 
          class="com.sg.superherosightings.dao.SuperPersonDaoDbImpl">
        <property name="jdbcTemplate" ref="jdbcTemplate"/>
    </bean>   
    
    <bean id="superPersonOrganizationDao" 
          class="com.sg.superherosightings.dao.SuperPersonOrganizationDaoDbImpl">
        <property name="jdbcTemplate" ref="jdbcTemplate"/>
    </bean>   
    
    <bean id="superPersonPowerDao" 
          class="com.sg.superherosightings.dao.SuperPersonPowerDaoDbImpl">
        <property name="jdbcTemplate" ref="jdbcTemplate"/>
    </bean> 
      
    <bean id="superPersonSightingDao" 
          class="com.sg.superherosightings.dao.SuperPersonSightingDaoDbImpl">
        <property name="jdbcTemplate" ref="jdbcTemplate"/>
    </bean>       
    
     Service bean definitions go here     
    <bean id="addressService" 
          class="com.sg.superherosightings.service.AddressServiceImpl">
        <constructor-arg ref="addressDao"/> 
    </bean>
    
    <bean id="locationService" 
          class="com.sg.superherosightings.service.LocationServiceImpl">
        <constructor-arg ref="locationDao"/> 
    </bean>
    
    <bean id="superPersonService" 
          class="com.sg.superherosightings.service.SuperPersonServiceImpl">
        <constructor-arg ref="superPersonDao"/>
        <constructor-arg ref="organizationDao"/>
        <constructor-arg ref="powerDao"/>
        <constructor-arg ref="sightingDao"/>
        <constructor-arg ref="superPersonOrganizationDao"/>
        <constructor-arg ref="superPersonPowerDao"/>
        <constructor-arg ref="superPersonSightingDao"/> 
    </bean>
    
    <bean id="organizationService" 
          class="com.sg.superherosightings.service.OrganizationServiceImpl">
        <constructor-arg ref="organizationDao"/>
        <constructor-arg ref="superPersonService"/>   
    </bean>
    
    <bean id="powerService" 
          class="com.sg.superherosightings.service.PowerServiceImpl">
        <constructor-arg ref="powerDao"/>
        <constructor-arg ref="superPersonService"/>  
    </bean>
    
    <bean id="sightingService" 
          class="com.sg.superherosightings.service.SightingServiceImpl">
        <constructor-arg ref="sightingDao"/> 
        <constructor-arg ref="superPersonService"/>  
    </bean>
    
    
</beans>-->